
PostsController
  GET #index
[32m    should get all posts[0m

Finished in 0.00991 seconds (files took 2.36 seconds to load)
[32m1 example, 0 failures[0m

